Arguments: 
  /usr/bin/node /usr/bin/yarn install --dev

PATH: 
  /home/loc/.fnm:/home/loc/.local/share/go/bin:/home/loc/.cargo/bin:/home/loc/.local/bin:/home/loc/.local/bin:/home/loc/.local/share/nvim/mason/bin:/home/loc/miniconda3/bin:/home/loc/miniconda3/condabin:/home/loc/.fnm:/home/loc/.local/share/go/bin:/home/loc/.cargo/bin:/home/loc/.local/bin:/home/loc/.local/bin:/usr/local/bin:/usr/bin:/bin:/usr/local/sbin:/usr/lib/jvm/default/bin:/usr/bin/site_perl:/usr/bin/vendor_perl:/usr/bin/core_perl:/home/loc/Android/Sdk/emulator:/home/loc/Android/Sdk/platform-tools:/home/loc/.local/share/gem/ruby/3.0.0/bin:/home/loc/Android/Sdk/emulator:/home/loc/Android/Sdk/platform-tools:/home/loc/.local/share/gem/ruby/3.0.0/bin

Yarn version: 
  1.22.19

Node version: 
  20.8.0

Platform: 
  linux x64

Trace: 
  SyntaxError: /home/loc/Documents/vscode_extensions/SchemaGenius/package.json: Expected double-quoted property name in JSON at position 1486
      at JSON.parse (<anonymous>)
      at /usr/lib/node_modules/yarn/lib/cli.js:1629:59
      at Generator.next (<anonymous>)
      at step (/usr/lib/node_modules/yarn/lib/cli.js:310:30)
      at /usr/lib/node_modules/yarn/lib/cli.js:321:13

npm manifest: 
  {
    "name": "SchemaGenius",
    "displayName": "SchemaGenius",
    "description": "SchemaGenius: Seamlessly convert your DBML designs from dbdiagram into ORM code within VS Code.",
    "publisher": "Rockship-loctvl842",
    "repository": "https://github.com/loctvl842/SchemaGenius",
    "version": "0.0.3",
    "engines": {
      "vscode": "^1.83.0"
    },
    "categories": [
      "Other"
    ],
    "activationEvents": [
      "onCommand:schemagenius.generateSchema"
    ],
    "main": "./out/extension.js",
    "contributes": {
      "commands": [
        {
          "command": "schemagenius.generateSchema",
          "title": "Generate Schema"
        }
      ]
    },
    "scripts": {
      "vscode:prepublish": "yarn run compile",
      "compile": "tsc -p ./",
      "watch": "tsc -watch -p ./",
      "pretest": "yarn run compile && yarn run lint",
      "lint": "eslint src --ext ts",
      "test": "node ./out/test/runTest.js"
    },
    "devDependencies": {
      "@types/lodash": "^4.14.200",
      "@types/mocha": "^10.0.3",
      "@types/node": "18.x",
      "@types/vscode": "^1.83.0",
      "@typescript-eslint/eslint-plugin": "^6.9.0",
      "@typescript-eslint/parser": "^6.9.0",
      "@vscode/test-electron": "^2.3.6",
      "eslint": "^8.52.0",
      "eslint-config-airbnb": "19.0.4",
      "eslint-config-airbnb-base": "15.0.0",
      "eslint-config-prettier": "^9.0.0",
      "eslint-import-resolver-typescript": "3.6.1",
      "eslint-plugin-import": "2.28.1",
      "eslint-plugin-prettier": "5.0.0",
      "glob": "^10.3.10",
      "mocha": "^10.2.0",
    },
    "dependencies": {
      "typescript": "^5.2.2"
      "@dbml/core": "^2.6.1",
      "chalk": "4.1.2",
      "inflection": "^3.0.0",
      "lodash": "^4.17.21",
      "pkg-dir": "^7.0.0"
    }
  }

yarn manifest: 
  No manifest

Lockfile: 
  No lockfile
